# JRE version: OpenJDK Runtime Environment (21.0.3) (build 21.0.3+-12282718-b509.11)
# Java VM: OpenJDK 64-Bit Server VM (21.0.3+-12282718-b509.11, mixed mode, tiered, compressed oops, compressed class ptrs, g1 gc, windows-amd64)
GC Precious Log:
 CardTable entry size: 512
 Card Set container configuration: InlinePtr #cards 5 size 8 Array Of Cards #cards 12 size 40 Howl #buckets 4 coarsen threshold 1843 Howl Bitmap #cards 512 size 80 coarsen threshold 460 Card regions per heap region 1 cards per card region 2048
 CPUs: 8 total, 8 available
 Memory: 7952M
 Large Page Support: Disabled
 NUMA Support: Disabled
 Compressed Oops: Enabled (32-bit)
 Heap Region Size: 1M
 Heap Min Capacity: 8M
 Heap Initial Capacity: 126M
 Heap Max Capacity: 2G
 Pre-touch: Disabled
 Parallel Workers: 8
 Concurrent Workers: 2
 Concurrent Refinement Workers: 8
 Periodic GC: Disabled
Heap:
 garbage-first heap   total 337920K, used 244736K [0x0000000080000000, 0x0000000100000000)
  region size 1024K, 30 young (30720K), 6 survivors (6144K)
 Metaspace       used 134944K, committed 137344K, reserved 1179648K
  class space    used 18175K, committed 19392K, reserved 1048576K
GC Heap History (20 events):
Event: 84.842 GC heap before
{Heap before GC invocations=52 (full 0):
 garbage-first heap   total 295936K, used 257241K [0x0000000080000000, 0x0000000100000000)
  region size 1024K, 92 young (94208K), 8 survivors (8192K)
 Metaspace       used 110672K, committed 113024K, reserved 1179648K
  class space    used 15259K, committed 16448K, reserved 1048576K
}
Event: 84.847 GC heap after
{Heap after GC invocations=53 (full 0):
 garbage-first heap   total 295936K, used 173771K [0x0000000080000000, 0x0000000100000000)
  region size 1024K, 8 young (8192K), 8 survivors (8192K)
 Metaspace       used 110672K, committed 113024K, reserved 1179648K
  class space    used 15259K, committed 16448K, reserved 1048576K
}
Event: 85.815 GC heap before
{Heap before GC invocations=53 (full 0):
 garbage-first heap   total 295936K, used 271051K [0x0000000080000000, 0x0000000100000000)
  region size 1024K, 103 young (105472K), 8 survivors (8192K)
 Metaspace       used 110672K, committed 113024K, reserved 1179648K
  class space    used 15259K, committed 16448K, reserved 1048576K
}
Event: 85.822 GC heap after
{Heap after GC invocations=54 (full 0):
 garbage-first heap   total 295936K, used 175737K [0x0000000080000000, 0x0000000100000000)
  region size 1024K, 8 young (8192K), 8 survivors (8192K)
 Metaspace       used 110672K, committed 113024K, reserved 1179648K
  class space    used 15259K, committed 16448K, reserved 1048576K
}
Event: 86.587 GC heap before
{Heap before GC invocations=54 (full 0):
 garbage-first heap   total 295936K, used 260729K [0x0000000080000000, 0x0000000100000000)
  region size 1024K, 93 young (95232K), 8 survivors (8192K)
 Metaspace       used 111412K, committed 113728K, reserved 1179648K
  class space    used 15325K, committed 16512K, reserved 1048576K
}
Event: 86.593 GC heap after
{Heap after GC invocations=55 (full 0):
 garbage-first heap   total 295936K, used 178993K [0x0000000080000000, 0x0000000100000000)
  region size 1024K, 9 young (9216K), 9 survivors (9216K)
 Metaspace       used 111412K, committed 113728K, reserved 1179648K
  class space    used 15325K, committed 16512K, reserved 1048576K
}
Event: 88.043 GC heap before
{Heap before GC invocations=56 (full 0):
 garbage-first heap   total 311296K, used 270129K [0x0000000080000000, 0x0000000100000000)
  region size 1024K, 97 young (99328K), 9 survivors (9216K)
 Metaspace       used 121039K, committed 123456K, reserved 1179648K
  class space    used 16597K, committed 17792K, reserved 1048576K
}
Event: 88.050 GC heap after
{Heap after GC invocations=57 (full 0):
 garbage-first heap   total 311296K, used 182364K [0x0000000080000000, 0x0000000100000000)
  region size 1024K, 9 young (9216K), 9 survivors (9216K)
 Metaspace       used 121039K, committed 123456K, reserved 1179648K
  class space    used 16597K, committed 17792K, reserved 1048576K
}
Event: 89.633 GC heap before
{Heap before GC invocations=57 (full 0):
 garbage-first heap   total 311296K, used 289884K [0x0000000080000000, 0x0000000100000000)
  region size 1024K, 109 young (111616K), 9 survivors (9216K)
 Metaspace       used 124835K, committed 127168K, reserved 1179648K
  class space    used 16884K, committed 18048K, reserved 1048576K
}
Event: 89.645 GC heap after
{Heap after GC invocations=58 (full 0):
 garbage-first heap   total 311296K, used 188664K [0x0000000080000000, 0x0000000100000000)
  region size 1024K, 14 young (14336K), 14 survivors (14336K)
 Metaspace       used 124835K, committed 127168K, reserved 1179648K
  class space    used 16884K, committed 18048K, reserved 1048576K
}
Event: 90.338 GC heap before
{Heap before GC invocations=58 (full 0):
 garbage-first heap   total 311296K, used 278776K [0x0000000080000000, 0x0000000100000000)
  region size 1024K, 103 young (105472K), 14 survivors (14336K)
 Metaspace       used 125313K, committed 127616K, reserved 1179648K
  class space    used 16929K, committed 18112K, reserved 1048576K
}
Event: 90.352 GC heap after
{Heap after GC invocations=59 (full 0):
 garbage-first heap   total 311296K, used 192296K [0x0000000080000000, 0x0000000100000000)
  region size 1024K, 7 young (7168K), 7 survivors (7168K)
 Metaspace       used 125313K, committed 127616K, reserved 1179648K
  class space    used 16929K, committed 18112K, reserved 1048576K
}
Event: 91.917 GC heap before
{Heap before GC invocations=60 (full 0):
 garbage-first heap   total 337920K, used 286504K [0x0000000080000000, 0x0000000100000000)
  region size 1024K, 99 young (101376K), 7 survivors (7168K)
 Metaspace       used 131166K, committed 133632K, reserved 1179648K
  class space    used 17652K, committed 18880K, reserved 1048576K
}
Event: 91.927 GC heap after
{Heap after GC invocations=61 (full 0):
 garbage-first heap   total 337920K, used 200084K [0x0000000080000000, 0x0000000100000000)
  region size 1024K, 13 young (13312K), 13 survivors (13312K)
 Metaspace       used 131166K, committed 133632K, reserved 1179648K
  class space    used 17652K, committed 18880K, reserved 1048576K
}
Event: 111.389 GC heap before
{Heap before GC invocations=61 (full 0):
 garbage-first heap   total 337920K, used 305556K [0x0000000080000000, 0x0000000100000000)
  region size 1024K, 117 young (119808K), 13 survivors (13312K)
 Metaspace       used 133265K, committed 135680K, reserved 1179648K
  class space    used 17902K, committed 19136K, reserved 1048576K
}
Event: 111.427 GC heap after
{Heap after GC invocations=62 (full 0):
 garbage-first heap   total 337920K, used 210576K [0x0000000080000000, 0x0000000100000000)
  region size 1024K, 11 young (11264K), 11 survivors (11264K)
 Metaspace       used 133265K, committed 135680K, reserved 1179648K
  class space    used 17902K, committed 19136K, reserved 1048576K
}
Event: 118.749 GC heap before
{Heap before GC invocations=62 (full 0):
 garbage-first heap   total 337920K, used 306832K [0x0000000080000000, 0x0000000100000000)
  region size 1024K, 106 young (108544K), 11 survivors (11264K)
 Metaspace       used 134715K, committed 137152K, reserved 1179648K
  class space    used 18147K, committed 19392K, reserved 1048576K
}
Event: 118.803 GC heap after
{Heap after GC invocations=63 (full 0):
 garbage-first heap   total 337920K, used 218878K [0x0000000080000000, 0x0000000100000000)
  region size 1024K, 10 young (10240K), 10 survivors (10240K)
 Metaspace       used 134715K, committed 137152K, reserved 1179648K
  class space    used 18147K, committed 19392K, reserved 1048576K
}
Event: 120.186 GC heap before
{Heap before GC invocations=63 (full 0):
 garbage-first heap   total 337920K, used 307966K [0x0000000080000000, 0x0000000100000000)
  region size 1024K, 98 young (100352K), 10 survivors (10240K)
 Metaspace       used 134922K, committed 137344K, reserved 1179648K
  class space    used 18172K, committed 19392K, reserved 1048576K
}
Event: 120.207 GC heap after
{Heap after GC invocations=64 (full 0):
 garbage-first heap   total 337920K, used 222208K [0x0000000080000000, 0x0000000100000000)
  region size 1024K, 6 young (6144K), 6 survivors (6144K)
 Metaspace       used 134922K, committed 137344K, reserved 1179648K
  class space    used 18172K, committed 19392K, reserved 1048576K
}

