# JRE version: OpenJDK Runtime Environment (21.0.3) (build 21.0.3+-12282718-b509.11)
# Java VM: OpenJDK 64-Bit Server VM (21.0.3+-12282718-b509.11, mixed mode, tiered, compressed oops, compressed class ptrs, g1 gc, windows-amd64)
GC Precious Log:
 CardTable entry size: 512
 Card Set container configuration: InlinePtr #cards 5 size 8 Array Of Cards #cards 12 size 40 Howl #buckets 4 coarsen threshold 1843 Howl Bitmap #cards 512 size 80 coarsen threshold 460 Card regions per heap region 1 cards per card region 2048
 CPUs: 8 total, 8 available
 Memory: 7952M
 Large Page Support: Disabled
 NUMA Support: Disabled
 Compressed Oops: Enabled (32-bit)
 Heap Region Size: 1M
 Heap Min Capacity: 8M
 Heap Initial Capacity: 126M
 Heap Max Capacity: 2G
 Pre-touch: Disabled
 Parallel Workers: 8
 Concurrent Workers: 2
 Concurrent Refinement Workers: 8
 Periodic GC: Disabled
Heap:
 garbage-first heap   total 250880K, used 139392K [0x0000000080000000, 0x0000000100000000)
  region size 1024K, 15 young (15360K), 4 survivors (4096K)
 Metaspace       used 132388K, committed 134592K, reserved 1179648K
  class space    used 18690K, committed 19776K, reserved 1048576K
GC Heap History (20 events):
Event: 83.629 GC heap before
{Heap before GC invocations=44 (full 0):
 garbage-first heap   total 179200K, used 161520K [0x0000000080000000, 0x0000000100000000)
  region size 1024K, 58 young (59392K), 6 survivors (6144K)
 Metaspace       used 109601K, committed 111744K, reserved 1179648K
  class space    used 15193K, committed 16256K, reserved 1048576K
}
Event: 83.637 GC heap after
{Heap after GC invocations=45 (full 0):
 garbage-first heap   total 179200K, used 109600K [0x0000000080000000, 0x0000000100000000)
  region size 1024K, 4 young (4096K), 4 survivors (4096K)
 Metaspace       used 109601K, committed 111744K, reserved 1179648K
  class space    used 15193K, committed 16256K, reserved 1048576K
}
Event: 84.002 GC heap before
{Heap before GC invocations=45 (full 0):
 garbage-first heap   total 179200K, used 162848K [0x0000000080000000, 0x0000000100000000)
  region size 1024K, 57 young (58368K), 4 survivors (4096K)
 Metaspace       used 109901K, committed 112064K, reserved 1179648K
  class space    used 15260K, committed 16320K, reserved 1048576K
}
Event: 84.008 GC heap after
{Heap after GC invocations=46 (full 0):
 garbage-first heap   total 179200K, used 111444K [0x0000000080000000, 0x0000000100000000)
  region size 1024K, 6 young (6144K), 6 survivors (6144K)
 Metaspace       used 109901K, committed 112064K, reserved 1179648K
  class space    used 15260K, committed 16320K, reserved 1048576K
}
Event: 84.548 GC heap before
{Heap before GC invocations=47 (full 0):
 garbage-first heap   total 204800K, used 160596K [0x0000000080000000, 0x0000000100000000)
  region size 1024K, 55 young (56320K), 6 survivors (6144K)
 Metaspace       used 110205K, committed 112320K, reserved 1179648K
  class space    used 15304K, committed 16384K, reserved 1048576K
}
Event: 84.554 GC heap after
{Heap after GC invocations=48 (full 0):
 garbage-first heap   total 204800K, used 113756K [0x0000000080000000, 0x0000000100000000)
  region size 1024K, 5 young (5120K), 5 survivors (5120K)
 Metaspace       used 110205K, committed 112320K, reserved 1179648K
  class space    used 15304K, committed 16384K, reserved 1048576K
}
Event: 84.978 GC heap before
{Heap before GC invocations=48 (full 0):
 garbage-first heap   total 204800K, used 186460K [0x0000000080000000, 0x0000000100000000)
  region size 1024K, 77 young (78848K), 5 survivors (5120K)
 Metaspace       used 110424K, committed 112512K, reserved 1179648K
  class space    used 15326K, committed 16384K, reserved 1048576K
}
Event: 84.985 GC heap after
{Heap after GC invocations=49 (full 0):
 garbage-first heap   total 204800K, used 113992K [0x0000000080000000, 0x0000000100000000)
  region size 1024K, 8 young (8192K), 8 survivors (8192K)
 Metaspace       used 110424K, committed 112512K, reserved 1179648K
  class space    used 15326K, committed 16384K, reserved 1048576K
}
Event: 85.643 GC heap before
{Heap before GC invocations=49 (full 0):
 garbage-first heap   total 204800K, used 183624K [0x0000000080000000, 0x0000000100000000)
  region size 1024K, 77 young (78848K), 8 survivors (8192K)
 Metaspace       used 110607K, committed 112704K, reserved 1179648K
  class space    used 15346K, committed 16384K, reserved 1048576K
}
Event: 85.652 GC heap after
{Heap after GC invocations=50 (full 0):
 garbage-first heap   total 204800K, used 116375K [0x0000000080000000, 0x0000000100000000)
  region size 1024K, 7 young (7168K), 7 survivors (7168K)
 Metaspace       used 110607K, committed 112704K, reserved 1179648K
  class space    used 15346K, committed 16384K, reserved 1048576K
}
Event: 86.209 GC heap before
{Heap before GC invocations=51 (full 0):
 garbage-first heap   total 206848K, used 184983K [0x0000000080000000, 0x0000000100000000)
  region size 1024K, 75 young (76800K), 7 survivors (7168K)
 Metaspace       used 110648K, committed 112704K, reserved 1179648K
  class space    used 15348K, committed 16384K, reserved 1048576K
}
Event: 86.217 GC heap after
{Heap after GC invocations=52 (full 0):
 garbage-first heap   total 206848K, used 118413K [0x0000000080000000, 0x0000000100000000)
  region size 1024K, 7 young (7168K), 7 survivors (7168K)
 Metaspace       used 110648K, committed 112704K, reserved 1179648K
  class space    used 15348K, committed 16384K, reserved 1048576K
}
Event: 87.383 GC heap before
{Heap before GC invocations=52 (full 0):
 garbage-first heap   total 206848K, used 194189K [0x0000000080000000, 0x0000000100000000)
  region size 1024K, 75 young (76800K), 7 survivors (7168K)
 Metaspace       used 114587K, committed 116800K, reserved 1179648K
  class space    used 15823K, committed 16960K, reserved 1048576K
}
Event: 87.393 GC heap after
{Heap after GC invocations=53 (full 0):
 garbage-first heap   total 250880K, used 121043K [0x0000000080000000, 0x0000000100000000)
  region size 1024K, 9 young (9216K), 9 survivors (9216K)
 Metaspace       used 114587K, committed 116800K, reserved 1179648K
  class space    used 15823K, committed 16960K, reserved 1048576K
}
Event: 91.311 GC heap before
{Heap before GC invocations=53 (full 0):
 garbage-first heap   total 250880K, used 226515K [0x0000000080000000, 0x0000000100000000)
  region size 1024K, 113 young (115712K), 9 survivors (9216K)
 Metaspace       used 126945K, committed 129152K, reserved 1179648K
  class space    used 17936K, committed 19072K, reserved 1048576K
}
Event: 91.324 GC heap after
{Heap after GC invocations=54 (full 0):
 garbage-first heap   total 250880K, used 130018K [0x0000000080000000, 0x0000000100000000)
  region size 1024K, 15 young (15360K), 15 survivors (15360K)
 Metaspace       used 126945K, committed 129152K, reserved 1179648K
  class space    used 17936K, committed 19072K, reserved 1048576K
}
Event: 93.369 GC heap before
{Heap before GC invocations=54 (full 0):
 garbage-first heap   total 250880K, used 216034K [0x0000000080000000, 0x0000000100000000)
  region size 1024K, 99 young (101376K), 15 survivors (15360K)
 Metaspace       used 131425K, committed 133632K, reserved 1179648K
  class space    used 18526K, committed 19648K, reserved 1048576K
}
Event: 93.381 GC heap after
{Heap after GC invocations=55 (full 0):
 garbage-first heap   total 250880K, used 129024K [0x0000000080000000, 0x0000000100000000)
  region size 1024K, 3 young (3072K), 3 survivors (3072K)
 Metaspace       used 131425K, committed 133632K, reserved 1179648K
  class space    used 18526K, committed 19648K, reserved 1048576K
}
Event: 93.699 GC heap before
{Heap before GC invocations=55 (full 0):
 garbage-first heap   total 250880K, used 154624K [0x0000000080000000, 0x0000000100000000)
  region size 1024K, 30 young (30720K), 3 survivors (3072K)
 Metaspace       used 132203K, committed 134400K, reserved 1179648K
  class space    used 18670K, committed 19776K, reserved 1048576K
}
Event: 93.704 GC heap after
{Heap after GC invocations=56 (full 0):
 garbage-first heap   total 250880K, used 129152K [0x0000000080000000, 0x0000000100000000)
  region size 1024K, 4 young (4096K), 4 survivors (4096K)
 Metaspace       used 132203K, committed 134400K, reserved 1179648K
  class space    used 18670K, committed 19776K, reserved 1048576K
}

